/Volumes/MAC/NextFractal/sources/com.nextbreakpoint.nextfractal.contextfree/src/main/java/com/nextbreakpoint/nextfractal/contextfree/grammar/ASTParameter.java:29: error: package org.antlr.v4.runtime does not exist
import org.antlr.v4.runtime.Token;
                           ^
/Volumes/MAC/NextFractal/sources/com.nextbreakpoint.nextfractal.contextfree/src/main/java/com/nextbreakpoint/nextfractal/contextfree/grammar/ASTExpression.java:30: error: package org.antlr.v4.runtime does not exist
import org.antlr.v4.runtime.Token;
                           ^
/Volumes/MAC/NextFractal/sources/com.nextbreakpoint.nextfractal.contextfree/src/main/java/com/nextbreakpoint/nextfractal/contextfree/grammar/ASTDefine.java:30: error: package org.antlr.v4.runtime does not exist
import org.antlr.v4.runtime.Token;
                           ^
/Volumes/MAC/NextFractal/sources/com.nextbreakpoint.nextfractal.contextfree/src/main/java/com/nextbreakpoint/nextfractal/contextfree/grammar/ASTReplacement.java:27: error: package org.antlr.v4.runtime does not exist
import org.antlr.v4.runtime.Token;
                           ^
/Volumes/MAC/NextFractal/sources/com.nextbreakpoint.nextfractal.contextfree/src/main/java/com/nextbreakpoint/nextfractal/contextfree/grammar/ASTParameter.java:44: error: cannot find symbol
    	public ASTParameter(Token location) {
    	                    ^
  symbol:   class Token
  location: class ASTParameter
/Volumes/MAC/NextFractal/sources/com.nextbreakpoint.nextfractal.contextfree/src/main/java/com/nextbreakpoint/nextfractal/contextfree/grammar/ASTParameter.java:51: error: cannot find symbol
    	public ASTParameter(String type, int nameIndex, Token location) {
    	                                                ^
  symbol:   class Token
  location: class ASTParameter
/Volumes/MAC/NextFractal/sources/com.nextbreakpoint.nextfractal.contextfree/src/main/java/com/nextbreakpoint/nextfractal/contextfree/grammar/ASTParameter.java:58: error: cannot find symbol
		public ASTParameter(int nameIndex, ASTDefine definition, Token location) {
		                                                         ^
  symbol:   class Token
  location: class ASTParameter
/Volumes/MAC/NextFractal/sources/com.nextbreakpoint.nextfractal.contextfree/src/main/java/com/nextbreakpoint/nextfractal/contextfree/grammar/ASTParameter.java:63: error: cannot find symbol
		public ASTParameter(int nameIndex, boolean natural, boolean local, Token location) {
		                                                                   ^
  symbol:   class Token
  location: class ASTParameter
/Volumes/MAC/NextFractal/sources/com.nextbreakpoint.nextfractal.contextfree/src/main/java/com/nextbreakpoint/nextfractal/contextfree/grammar/ASTParameter.java:68: error: cannot find symbol
		public ASTParameter(ASTParameter param, Token location) {
		                                        ^
  symbol:   class Token
  location: class ASTParameter
/Volumes/MAC/NextFractal/sources/com.nextbreakpoint.nextfractal.contextfree/src/main/java/com/nextbreakpoint/nextfractal/contextfree/grammar/ASTExpression.java:38: error: cannot find symbol
	protected Token location;
	          ^
  symbol:   class Token
  location: class ASTExpression
/Volumes/MAC/NextFractal/sources/com.nextbreakpoint.nextfractal.contextfree/src/main/java/com/nextbreakpoint/nextfractal/contextfree/grammar/ASTExpression.java:40: error: cannot find symbol
	public ASTExpression(Token location) {
	                     ^
  symbol:   class Token
  location: class ASTExpression
/Volumes/MAC/NextFractal/sources/com.nextbreakpoint.nextfractal.contextfree/src/main/java/com/nextbreakpoint/nextfractal/contextfree/grammar/ASTExpression.java:44: error: cannot find symbol
	public ASTExpression(boolean isConstant, boolean isNatural, Token location) {
	                                                            ^
  symbol:   class Token
  location: class ASTExpression
/Volumes/MAC/NextFractal/sources/com.nextbreakpoint.nextfractal.contextfree/src/main/java/com/nextbreakpoint/nextfractal/contextfree/grammar/ASTExpression.java:48: error: cannot find symbol
	public ASTExpression(boolean isConstant, boolean isNatural, EExpType type, Token location) {
	                                                                           ^
  symbol:   class Token
  location: class ASTExpression
/Volumes/MAC/NextFractal/sources/com.nextbreakpoint.nextfractal.contextfree/src/main/java/com/nextbreakpoint/nextfractal/contextfree/grammar/ASTExpression.java:52: error: cannot find symbol
	public ASTExpression(boolean isConstant, boolean isNatural, ELocality locality, Token location) {
	                                                                                ^
  symbol:   class Token
  location: class ASTExpression
/Volumes/MAC/NextFractal/sources/com.nextbreakpoint.nextfractal.contextfree/src/main/java/com/nextbreakpoint/nextfractal/contextfree/grammar/ASTExpression.java:56: error: cannot find symbol
	public ASTExpression(boolean isConstant, boolean isNatural, ELocality locality, EExpType type, Token location) {
	                                                                                               ^
  symbol:   class Token
  location: class ASTExpression
/Volumes/MAC/NextFractal/sources/com.nextbreakpoint.nextfractal.contextfree/src/main/java/com/nextbreakpoint/nextfractal/contextfree/grammar/ASTExpression.java:176: error: cannot find symbol
	public Token getLocation() {
	       ^
  symbol:   class Token
  location: class ASTExpression
/Volumes/MAC/NextFractal/sources/com.nextbreakpoint.nextfractal.contextfree/src/main/java/com/nextbreakpoint/nextfractal/contextfree/grammar/ASTExpression.java:180: error: cannot find symbol
	public void setLocation(Token location) {
	                        ^
  symbol:   class Token
  location: class ASTExpression
/Volumes/MAC/NextFractal/sources/com.nextbreakpoint.nextfractal.contextfree/src/main/java/com/nextbreakpoint/nextfractal/contextfree/grammar/ASTRule.java:29: error: package org.antlr.v4.runtime does not exist
import org.antlr.v4.runtime.Token;
                           ^
/Volumes/MAC/NextFractal/sources/com.nextbreakpoint.nextfractal.contextfree/src/main/java/com/nextbreakpoint/nextfractal/contextfree/grammar/ASTCompiledPath.java:30: error: package org.antlr.v4.runtime does not exist
import org.antlr.v4.runtime.Token;
                           ^
/Volumes/MAC/NextFractal/sources/com.nextbreakpoint.nextfractal.contextfree/src/main/java/com/nextbreakpoint/nextfractal/contextfree/grammar/ASTDefine.java:43: error: cannot find symbol
	public ASTDefine(String name, Token location) {
	                              ^
  symbol:   class Token
  location: class ASTDefine
/Volumes/MAC/NextFractal/sources/com.nextbreakpoint.nextfractal.contextfree/src/main/java/com/nextbreakpoint/nextfractal/contextfree/grammar/ASTRuleSpecifier.java:30: error: package org.antlr.v4.runtime does not exist
import org.antlr.v4.runtime.Token;
                           ^
/Volumes/MAC/NextFractal/sources/com.nextbreakpoint.nextfractal.contextfree/src/main/java/com/nextbreakpoint/nextfractal/contextfree/grammar/ASTModification.java:33: error: package org.antlr.v4.runtime does not exist
import org.antlr.v4.runtime.Token;
                           ^
/Volumes/MAC/NextFractal/sources/com.nextbreakpoint.nextfractal.contextfree/src/main/java/com/nextbreakpoint/nextfractal/contextfree/grammar/ASTReplacement.java:34: error: cannot find symbol
	private Token location;
	        ^
  symbol:   class Token
  location: class ASTReplacement
/Volumes/MAC/NextFractal/sources/com.nextbreakpoint.nextfractal.contextfree/src/main/java/com/nextbreakpoint/nextfractal/contextfree/grammar/ASTReplacement.java:36: error: cannot find symbol
	public ASTReplacement(ASTRuleSpecifier shapeSpec, ASTModification childChange, ERepElemType repType, Token location) {
	                                                                                                     ^
  symbol:   class Token
  location: class ASTReplacement
/Volumes/MAC/NextFractal/sources/com.nextbreakpoint.nextfractal.contextfree/src/main/java/com/nextbreakpoint/nextfractal/contextfree/grammar/ASTReplacement.java:45: error: cannot find symbol
	public ASTReplacement(ASTRuleSpecifier shapeSpec, ASTModification childChange, Token location) {
	                                                                               ^
  symbol:   class Token
  location: class ASTReplacement
/Volumes/MAC/NextFractal/sources/com.nextbreakpoint.nextfractal.contextfree/src/main/java/com/nextbreakpoint/nextfractal/contextfree/grammar/ASTReplacement.java:49: error: cannot find symbol
	public ASTReplacement(ASTModification childChange, ERepElemType repType, Token location) {
	                                                                         ^
  symbol:   class Token
  location: class ASTReplacement
/Volumes/MAC/NextFractal/sources/com.nextbreakpoint.nextfractal.contextfree/src/main/java/com/nextbreakpoint/nextfractal/contextfree/grammar/ASTReplacement.java:53: error: cannot find symbol
	public ASTReplacement(String name, Token location) {
	                                   ^
  symbol:   class Token
  location: class ASTReplacement
/Volumes/MAC/NextFractal/sources/com.nextbreakpoint.nextfractal.contextfree/src/main/java/com/nextbreakpoint/nextfractal/contextfree/grammar/ASTReplacement.java:173: error: cannot find symbol
	public Token getLocation() {
	       ^
  symbol:   class Token
  location: class ASTReplacement
/Volumes/MAC/NextFractal/sources/com.nextbreakpoint.nextfractal.contextfree/src/main/java/com/nextbreakpoint/nextfractal/contextfree/grammar/ASTRepContainer.java:30: error: package org.antlr.v4.runtime does not exist
import org.antlr.v4.runtime.Token;
                           ^
/Volumes/MAC/NextFractal/sources/com.nextbreakpoint.nextfractal.contextfree/src/main/java/com/nextbreakpoint/nextfractal/contextfree/grammar/ASTRule.java:39: error: cannot find symbol
	public ASTRule(int nameIndex, float weight, boolean percent, Token location) {
	                                                             ^
  symbol:   class Token
  location: class ASTRule
/Volumes/MAC/NextFractal/sources/com.nextbreakpoint.nextfractal.contextfree/src/main/java/com/nextbreakpoint/nextfractal/contextfree/grammar/ASTRule.java:48: error: cannot find symbol
	public ASTRule(int nameIndex, Token location) {
	                              ^
  symbol:   class Token
  location: class ASTRule
/Volumes/MAC/NextFractal/sources/com.nextbreakpoint.nextfractal.contextfree/src/main/java/com/nextbreakpoint/nextfractal/contextfree/grammar/ASTRule.java:57: error: cannot find symbol
	protected ASTRule(int nameIndex, Token location, boolean dummy) {
	                                 ^
  symbol:   class Token
  location: class ASTRule
/Volumes/MAC/NextFractal/sources/com.nextbreakpoint.nextfractal.contextfree/src/main/java/com/nextbreakpoint/nextfractal/contextfree/grammar/ASTPathCommand.java:27: error: package org.antlr.v4.runtime does not exist
import org.antlr.v4.runtime.Token;
                           ^
/Volumes/MAC/NextFractal/sources/com.nextbreakpoint.nextfractal.contextfree/src/main/java/com/nextbreakpoint/nextfractal/contextfree/grammar/ASTCompiledPath.java:42: error: cannot find symbol
	public ASTCompiledPath(Token location) {
	                       ^
  symbol:   class Token
  location: class ASTCompiledPath
/Volumes/MAC/NextFractal/sources/com.nextbreakpoint.nextfractal.contextfree/src/main/java/com/nextbreakpoint/nextfractal/contextfree/grammar/ASTPathOp.java:29: error: package org.antlr.v4.runtime does not exist
import org.antlr.v4.runtime.Token;
                           ^
/Volumes/MAC/NextFractal/sources/com.nextbreakpoint.nextfractal.contextfree/src/main/java/com/nextbreakpoint/nextfractal/contextfree/grammar/ASTRuleSpecifier.java:43: error: cannot find symbol
		public ASTRuleSpecifier(Token location) {
		                        ^
  symbol:   class Token
  location: class ASTRuleSpecifier
/Volumes/MAC/NextFractal/sources/com.nextbreakpoint.nextfractal.contextfree/src/main/java/com/nextbreakpoint/nextfractal/contextfree/grammar/ASTRuleSpecifier.java:55: error: cannot find symbol
		public ASTRuleSpecifier(int nameIndex, String name, ASTExpression arguments, List<ASTParameter> parent, Token location) {
		                                                                                                        ^
  symbol:   class Token
  location: class ASTRuleSpecifier
/Volumes/MAC/NextFractal/sources/com.nextbreakpoint.nextfractal.contextfree/src/main/java/com/nextbreakpoint/nextfractal/contextfree/grammar/ASTRuleSpecifier.java:70: error: cannot find symbol
		public ASTRuleSpecifier(int nameIndex, String name, Token location) {
		                                                    ^
  symbol:   class Token
  location: class ASTRuleSpecifier
/Volumes/MAC/NextFractal/sources/com.nextbreakpoint.nextfractal.contextfree/src/main/java/com/nextbreakpoint/nextfractal/contextfree/grammar/ASTRuleSpecifier.java:83: error: cannot find symbol
    	public ASTRuleSpecifier(ASTRuleSpecifier spec, Token location) {
    	                                               ^
  symbol:   class Token
  location: class ASTRuleSpecifier
/Volumes/MAC/NextFractal/sources/com.nextbreakpoint.nextfractal.contextfree/src/main/java/com/nextbreakpoint/nextfractal/contextfree/grammar/ASTRuleSpecifier.java:96: error: cannot find symbol
    	public ASTRuleSpecifier(ASTExpression args, Token location) {
    	                                            ^
  symbol:   class Token
  location: class ASTRuleSpecifier
/Volumes/MAC/NextFractal/sources/com.nextbreakpoint.nextfractal.contextfree/src/main/java/com/nextbreakpoint/nextfractal/contextfree/grammar/ASTModTerm.java:30: error: package org.antlr.v4.runtime does not exist
import org.antlr.v4.runtime.Token;
                           ^
/Volumes/MAC/NextFractal/sources/com.nextbreakpoint.nextfractal.contextfree/src/main/java/com/nextbreakpoint/nextfractal/contextfree/grammar/ASTModification.java:43: error: cannot find symbol
	public ASTModification(Token location) {
	                       ^
  symbol:   class Token
  location: class ASTModification
/Volumes/MAC/NextFractal/sources/com.nextbreakpoint.nextfractal.contextfree/src/main/java/com/nextbreakpoint/nextfractal/contextfree/grammar/ASTModification.java:50: error: cannot find symbol
	public ASTModification(ASTModification mod, Token location) {
	                                            ^
  symbol:   class Token
  location: class ASTModification
/Volumes/MAC/NextFractal/sources/com.nextbreakpoint.nextfractal.contextfree/src/main/java/com/nextbreakpoint/nextfractal/contextfree/grammar/ASTRepContainer.java:94: error: cannot find symbol
	public void addParameter(String type, int nameIndex, Token location) {
	                                                     ^
  symbol:   class Token
  location: class ASTRepContainer
/Volumes/MAC/NextFractal/sources/com.nextbreakpoint.nextfractal.contextfree/src/main/java/com/nextbreakpoint/nextfractal/contextfree/grammar/ASTRepContainer.java:101: error: cannot find symbol
	public ASTParameter addDefParameter(int nameIndex, ASTDefine def, Token location) {
	                                                                  ^
  symbol:   class Token
  location: class ASTRepContainer
/Volumes/MAC/NextFractal/sources/com.nextbreakpoint.nextfractal.contextfree/src/main/java/com/nextbreakpoint/nextfractal/contextfree/grammar/ASTRepContainer.java:108: error: cannot find symbol
	public void addLoopParameter(int nameIndex, boolean natural, boolean local, Token location) {
	                                                                            ^
  symbol:   class Token
  location: class ASTRepContainer
/Volumes/MAC/NextFractal/sources/com.nextbreakpoint.nextfractal.contextfree/src/main/java/com/nextbreakpoint/nextfractal/contextfree/grammar/ASTLoop.java:27: error: package org.antlr.v4.runtime does not exist
import org.antlr.v4.runtime.Token;
                           ^
/Volumes/MAC/NextFractal/sources/com.nextbreakpoint.nextfractal.contextfree/src/main/java/com/nextbreakpoint/nextfractal/contextfree/grammar/ASTPathCommand.java:35: error: cannot find symbol
	public ASTPathCommand(Token location) {
	                      ^
  symbol:   class Token
  location: class ASTPathCommand
/Volumes/MAC/NextFractal/sources/com.nextbreakpoint.nextfractal.contextfree/src/main/java/com/nextbreakpoint/nextfractal/contextfree/grammar/ASTPathCommand.java:43: error: cannot find symbol
	public ASTPathCommand(String s, ASTModification mods, ASTExpression params, Token location) {
	                                                                            ^
  symbol:   class Token
  location: class ASTPathCommand
/Volumes/MAC/NextFractal/sources/com.nextbreakpoint.nextfractal.contextfree/src/main/java/com/nextbreakpoint/nextfractal/contextfree/grammar/ASTPathOp.java:37: error: cannot find symbol
	public ASTPathOp(String op, ASTModification args, Token location) {
	                                                  ^
  symbol:   class Token
  location: class ASTPathOp
/Volumes/MAC/NextFractal/sources/com.nextbreakpoint.nextfractal.contextfree/src/main/java/com/nextbreakpoint/nextfractal/contextfree/grammar/ASTPathOp.java:45: error: cannot find symbol
	public ASTPathOp(String op, ASTExpression args, Token location) {
	                                                ^
  symbol:   class Token
  location: class ASTPathOp
/Volumes/MAC/NextFractal/sources/com.nextbreakpoint.nextfractal.contextfree/src/main/java/com/nextbreakpoint/nextfractal/contextfree/grammar/ASTModTerm.java:37: error: cannot find symbol
	public ASTModTerm(EModType modType, ASTExpression args, Token location) {
	                                                        ^
  symbol:   class Token
  location: class ASTModTerm
/Volumes/MAC/NextFractal/sources/com.nextbreakpoint.nextfractal.contextfree/src/main/java/com/nextbreakpoint/nextfractal/contextfree/grammar/ASTModTerm.java:55: error: cannot find symbol
	public ASTModTerm(EModType param, String entropy, Token location) {
	                                                  ^
  symbol:   class Token
  location: class ASTModTerm
/Volumes/MAC/NextFractal/sources/com.nextbreakpoint.nextfractal.contextfree/src/main/java/com/nextbreakpoint/nextfractal/contextfree/grammar/ASTModTerm.java:60: error: cannot find symbol
	public ASTModTerm(EModType param, Token location) {
	                                  ^
  symbol:   class Token
  location: class ASTModTerm
/Volumes/MAC/NextFractal/sources/com.nextbreakpoint.nextfractal.contextfree/src/main/java/com/nextbreakpoint/nextfractal/contextfree/grammar/ASTLoop.java:38: error: cannot find symbol
	public ASTLoop(int nameIndex, String name, ASTExpression args, ASTModification mods, Token location) {
	                                                                                     ^
  symbol:   class Token
  location: class ASTLoop
/Volumes/MAC/NextFractal/sources/com.nextbreakpoint.nextfractal.contextfree/src/main/java/com/nextbreakpoint/nextfractal/contextfree/grammar/Builder.java:35: error: package org.antlr.v4.runtime does not exist
import org.antlr.v4.runtime.ANTLRFileStream;
                           ^
/Volumes/MAC/NextFractal/sources/com.nextbreakpoint.nextfractal.contextfree/src/main/java/com/nextbreakpoint/nextfractal/contextfree/grammar/Builder.java:36: error: package org.antlr.v4.runtime does not exist
import org.antlr.v4.runtime.CharStream;
                           ^
/Volumes/MAC/NextFractal/sources/com.nextbreakpoint.nextfractal.contextfree/src/main/java/com/nextbreakpoint/nextfractal/contextfree/grammar/Builder.java:37: error: package org.antlr.v4.runtime does not exist
import org.antlr.v4.runtime.Token;
                           ^
/Volumes/MAC/NextFractal/sources/com.nextbreakpoint.nextfractal.contextfree/src/main/java/com/nextbreakpoint/nextfractal/contextfree/grammar/Builder.java:50: error: cannot find symbol
	private Stack<CharStream> streamsToLoad = new Stack<CharStream>();
	              ^
  symbol:   class CharStream
  location: class Builder
/Volumes/MAC/NextFractal/sources/com.nextbreakpoint.nextfractal.contextfree/src/main/java/com/nextbreakpoint/nextfractal/contextfree/grammar/ASTSwitch.java:30: error: package org.antlr.v4.runtime does not exist
import org.antlr.v4.runtime.Token;
                           ^
/Volumes/MAC/NextFractal/sources/com.nextbreakpoint.nextfractal.contextfree/src/main/java/com/nextbreakpoint/nextfractal/contextfree/grammar/Builder.java:76: error: cannot find symbol
	protected void warning(String message, Token location) {
	                                       ^
  symbol:   class Token
  location: class Builder
/Volumes/MAC/NextFractal/sources/com.nextbreakpoint.nextfractal.contextfree/src/main/java/com/nextbreakpoint/nextfractal/contextfree/grammar/Builder.java:80: error: cannot find symbol
	protected void error(String message, Token location) {
	                                     ^
  symbol:   class Token
  location: class Builder
/Volumes/MAC/NextFractal/sources/com.nextbreakpoint.nextfractal.contextfree/src/main/java/com/nextbreakpoint/nextfractal/contextfree/grammar/Builder.java:88: error: cannot find symbol
	public int stringToShape(String name, boolean colonsAllowed, Token location) {
	                                                             ^
  symbol:   class Token
  location: class Builder
/Volumes/MAC/NextFractal/sources/com.nextbreakpoint.nextfractal.contextfree/src/main/java/com/nextbreakpoint/nextfractal/contextfree/grammar/Builder.java:106: error: cannot find symbol
	public void checkName(String name, boolean colonsAllowed, Token location) {
	                                                          ^
  symbol:   class Token
  location: class Builder
/Volumes/MAC/NextFractal/sources/com.nextbreakpoint.nextfractal.contextfree/src/main/java/com/nextbreakpoint/nextfractal/contextfree/grammar/Builder.java:129: error: cannot find symbol
	public void includeFile(String fileName, Token location) {
	                                         ^
  symbol:   class Token
  location: class Builder
/Volumes/MAC/NextFractal/sources/com.nextbreakpoint.nextfractal.contextfree/src/main/java/com/nextbreakpoint/nextfractal/contextfree/grammar/Builder.java:148: error: cannot find symbol
	public boolean endInclude(Token location) {
	                          ^
  symbol:   class Token
  location: class Builder
/Volumes/MAC/NextFractal/sources/com.nextbreakpoint.nextfractal.contextfree/src/main/java/com/nextbreakpoint/nextfractal/contextfree/grammar/Builder.java:170: error: cannot find symbol
	public void setShape(String name, Token location) {
	                                  ^
  symbol:   class Token
  location: class Builder
/Volumes/MAC/NextFractal/sources/com.nextbreakpoint.nextfractal.contextfree/src/main/java/com/nextbreakpoint/nextfractal/contextfree/grammar/Builder.java:174: error: cannot find symbol
	public void setShape(String name, boolean isPath, Token location) {
	                                                  ^
  symbol:   class Token
  location: class Builder
/Volumes/MAC/NextFractal/sources/com.nextbreakpoint.nextfractal.contextfree/src/main/java/com/nextbreakpoint/nextfractal/contextfree/grammar/Builder.java:214: error: cannot find symbol
	public void nextParameterDecl(String type, String name, Token location) {
	                                                        ^
  symbol:   class Token
  location: class Builder
/Volumes/MAC/NextFractal/sources/com.nextbreakpoint.nextfractal.contextfree/src/main/java/com/nextbreakpoint/nextfractal/contextfree/grammar/Builder.java:224: error: cannot find symbol
	public ASTDefine makeDefinition(String name, boolean isFunction, Token location) {
	                                                                 ^
  symbol:   class Token
  location: class Builder
/Volumes/MAC/NextFractal/sources/com.nextbreakpoint.nextfractal.contextfree/src/main/java/com/nextbreakpoint/nextfractal/contextfree/grammar/Builder.java:346: error: cannot find symbol
	public ASTExpression makeVariable(String name, Token location) {
	                                               ^
  symbol:   class Token
  location: class Builder
/Volumes/MAC/NextFractal/sources/com.nextbreakpoint.nextfractal.contextfree/src/main/java/com/nextbreakpoint/nextfractal/contextfree/grammar/Builder.java:370: error: cannot find symbol
	public ASTExpression makeArray(String name, ASTExpression args, Token location) {
	                                                                ^
  symbol:   class Token
  location: class Builder
/Volumes/MAC/NextFractal/sources/com.nextbreakpoint.nextfractal.contextfree/src/main/java/com/nextbreakpoint/nextfractal/contextfree/grammar/Builder.java:384: error: cannot find symbol
	public ASTExpression makeLet(ASTRepContainer vars, ASTExpression exp, Token location) {
	                                                                      ^
  symbol:   class Token
  location: class Builder
/Volumes/MAC/NextFractal/sources/com.nextbreakpoint.nextfractal.contextfree/src/main/java/com/nextbreakpoint/nextfractal/contextfree/grammar/Builder.java:393: error: cannot find symbol
	public ASTRuleSpecifier makeRuleSpec(String name, ASTExpression args, Token location) {
	                                                                      ^
  symbol:   class Token
  location: class Builder
/Volumes/MAC/NextFractal/sources/com.nextbreakpoint.nextfractal.contextfree/src/main/java/com/nextbreakpoint/nextfractal/contextfree/grammar/Builder.java:397: error: cannot find symbol
	public ASTRuleSpecifier makeRuleSpec(String name, ASTExpression args, ASTModification mod, boolean makeStart, Token location) {
	                                                                                                              ^
  symbol:   class Token
  location: class Builder
/Volumes/MAC/NextFractal/sources/com.nextbreakpoint.nextfractal.contextfree/src/main/java/com/nextbreakpoint/nextfractal/contextfree/grammar/Builder.java:435: error: cannot find symbol
	public void makeModTerm(ASTModification dest, ASTModTerm t, Token location) {
	                                                            ^
  symbol:   class Token
  location: class Builder
/Volumes/MAC/NextFractal/sources/com.nextbreakpoint.nextfractal.contextfree/src/main/java/com/nextbreakpoint/nextfractal/contextfree/grammar/Builder.java:448: error: cannot find symbol
	public ASTReplacement makeElement(String s, ASTModification mods, ASTExpression params, boolean subPath, Token location) {
	                                                                                                         ^
  symbol:   class Token
  location: class Builder
/Volumes/MAC/NextFractal/sources/com.nextbreakpoint.nextfractal.contextfree/src/main/java/com/nextbreakpoint/nextfractal/contextfree/grammar/Builder.java:481: error: cannot find symbol
	public ASTExpression makeFunction(String name, ASTExpression args, Token location) {
	                                                                   ^
  symbol:   class Token
  location: class Builder
/Volumes/MAC/NextFractal/sources/com.nextbreakpoint.nextfractal.contextfree/src/main/java/com/nextbreakpoint/nextfractal/contextfree/grammar/Builder.java:485: error: cannot find symbol
	public ASTExpression makeFunction(String name, ASTExpression args, boolean consAllowed, Token location) {
	                                                                                        ^
  symbol:   class Token
  location: class Builder
/Volumes/MAC/NextFractal/sources/com.nextbreakpoint.nextfractal.contextfree/src/main/java/com/nextbreakpoint/nextfractal/contextfree/grammar/Builder.java:508: error: cannot find symbol
	public ASTModification makeModification(ASTModification mod, boolean canonial, Token location) {
	                                                                               ^
  symbol:   class Token
  location: class Builder
/Volumes/MAC/NextFractal/sources/com.nextbreakpoint.nextfractal.contextfree/src/main/java/com/nextbreakpoint/nextfractal/contextfree/grammar/Builder.java:623: error: cannot find symbol
	protected void pushNameSpace(String n, Token location) {
	                                       ^
  symbol:   class Token
  location: class Builder
/Volumes/MAC/NextFractal/sources/com.nextbreakpoint.nextfractal.contextfree/src/main/java/com/nextbreakpoint/nextfractal/contextfree/grammar/Builder.java:659: error: cannot find symbol
	public EExpType decodeType(String typeName, int[] tupleSize, boolean[] isNatural, Token location) {
	                                                                                  ^
  symbol:   class Token
  location: class Builder
/Volumes/MAC/NextFractal/sources/com.nextbreakpoint.nextfractal.contextfree/src/main/java/com/nextbreakpoint/nextfractal/contextfree/grammar/ASTSwitch.java:37: error: cannot find symbol
	public ASTSwitch(ASTExpression caseVal, Token location) {
	                                        ^
  symbol:   class Token
  location: class ASTSwitch
/Volumes/MAC/NextFractal/sources/com.nextbreakpoint.nextfractal.contextfree/src/main/java/com/nextbreakpoint/nextfractal/contextfree/grammar/ASTVariable.java:27: error: package org.antlr.v4.runtime does not exist
import org.antlr.v4.runtime.Token;
                           ^
/Volumes/MAC/NextFractal/sources/com.nextbreakpoint.nextfractal.contextfree/src/main/java/com/nextbreakpoint/nextfractal/contextfree/grammar/ASTVariable.java:36: error: cannot find symbol
	public ASTVariable(int stringIndex, String text, Token location) {
	                                                 ^
  symbol:   class Token
  location: class ASTVariable
/Volumes/MAC/NextFractal/sources/com.nextbreakpoint.nextfractal.contextfree/src/main/java/com/nextbreakpoint/nextfractal/contextfree/grammar/ASTUserFunction.java:29: error: package org.antlr.v4.runtime does not exist
import org.antlr.v4.runtime.Token;
                           ^
/Volumes/MAC/NextFractal/sources/com.nextbreakpoint.nextfractal.contextfree/src/main/java/com/nextbreakpoint/nextfractal/contextfree/grammar/ASTUserFunction.java:37: error: cannot find symbol
	public ASTUserFunction(int nameIndex, ASTExpression arguments, ASTDefine definition, Token location) {
	                                                                                     ^
  symbol:   class Token
  location: class ASTUserFunction
/Volumes/MAC/NextFractal/sources/com.nextbreakpoint.nextfractal.contextfree/src/main/java/com/nextbreakpoint/nextfractal/contextfree/grammar/ASTTransform.java:30: error: package org.antlr.v4.runtime does not exist
import org.antlr.v4.runtime.Token;
                           ^
/Volumes/MAC/NextFractal/sources/com.nextbreakpoint.nextfractal.contextfree/src/main/java/com/nextbreakpoint/nextfractal/contextfree/grammar/ASTTransform.java:37: error: cannot find symbol
	public ASTTransform(ASTExpression exp, Token location) {
	                                       ^
  symbol:   class Token
  location: class ASTTransform
/Volumes/MAC/NextFractal/sources/com.nextbreakpoint.nextfractal.contextfree/src/main/java/com/nextbreakpoint/nextfractal/contextfree/grammar/ASTStartSpecifier.java:27: error: package org.antlr.v4.runtime does not exist
import org.antlr.v4.runtime.Token;
                           ^
/Volumes/MAC/NextFractal/sources/com.nextbreakpoint.nextfractal.contextfree/src/main/java/com/nextbreakpoint/nextfractal/contextfree/grammar/ASTStartSpecifier.java:32: error: cannot find symbol
	public ASTStartSpecifier(int nameIndex, String name, ASTExpression args, ASTModification mod, Token location) {
	                                                                                              ^
  symbol:   class Token
  location: class ASTStartSpecifier
/Volumes/MAC/NextFractal/sources/com.nextbreakpoint.nextfractal.contextfree/src/main/java/com/nextbreakpoint/nextfractal/contextfree/grammar/ASTStartSpecifier.java:37: error: cannot find symbol
	public ASTStartSpecifier(int nameIndex, String name, ASTModification mod, Token location) {
	                                                                          ^
  symbol:   class Token
  location: class ASTStartSpecifier
/Volumes/MAC/NextFractal/sources/com.nextbreakpoint.nextfractal.contextfree/src/main/java/com/nextbreakpoint/nextfractal/contextfree/grammar/ASTStartSpecifier.java:42: error: cannot find symbol
	public ASTStartSpecifier(ASTRuleSpecifier rule, ASTModification mod, Token location) {
	                                                                     ^
  symbol:   class Token
  location: class ASTStartSpecifier
/Volumes/MAC/NextFractal/sources/com.nextbreakpoint.nextfractal.contextfree/src/main/java/com/nextbreakpoint/nextfractal/contextfree/grammar/ASTStartSpecifier.java:47: error: cannot find symbol
	public ASTStartSpecifier(ASTExpression exp, ASTModification mod, Token location) {
	                                                                 ^
  symbol:   class Token
  location: class ASTStartSpecifier
/Volumes/MAC/NextFractal/sources/com.nextbreakpoint.nextfractal.contextfree/src/main/java/com/nextbreakpoint/nextfractal/contextfree/grammar/ASTSelect.java:29: error: package org.antlr.v4.runtime does not exist
import org.antlr.v4.runtime.Token;
                           ^
/Volumes/MAC/NextFractal/sources/com.nextbreakpoint.nextfractal.contextfree/src/main/java/com/nextbreakpoint/nextfractal/contextfree/grammar/ASTSelect.java:40: error: cannot find symbol
		public ASTSelect(ASTExpression arguments, boolean asIf, Token location) {
		                                                        ^
  symbol:   class Token
  location: class ASTSelect
/Volumes/MAC/NextFractal/sources/com.nextbreakpoint.nextfractal.contextfree/src/main/java/com/nextbreakpoint/nextfractal/contextfree/grammar/ASTReal.java:27: error: package org.antlr.v4.runtime does not exist
import org.antlr.v4.runtime.Token;
                           ^
/Volumes/MAC/NextFractal/sources/com.nextbreakpoint.nextfractal.contextfree/src/main/java/com/nextbreakpoint/nextfractal/contextfree/grammar/ASTReal.java:33: error: cannot find symbol
	public ASTReal(double value, Token location) {
	                             ^
  symbol:   class Token
  location: class ASTReal
/Volumes/MAC/NextFractal/sources/com.nextbreakpoint.nextfractal.contextfree/src/main/java/com/nextbreakpoint/nextfractal/contextfree/grammar/ASTReal.java:40: error: cannot find symbol
	public ASTReal(String text, boolean negative, Token location) {
	                                              ^
  symbol:   class Token
  location: class ASTReal
/Volumes/MAC/NextFractal/sources/com.nextbreakpoint.nextfractal.contextfree/src/main/java/com/nextbreakpoint/nextfractal/contextfree/grammar/ASTParen.java:27: error: package org.antlr.v4.runtime does not exist
import org.antlr.v4.runtime.Token;
                           ^
/Volumes/MAC/NextFractal/sources/com.nextbreakpoint.nextfractal.core/src/main/java/com/nextbreakpoint/nextfractal/core/javaFX/NodeObject.java:187: error: @param name not found
	 * @param the nodeClass.
	          ^
/Volumes/MAC/NextFractal/sources/com.nextbreakpoint.nextfractal.core/src/main/java/com/nextbreakpoint/nextfractal/core/javaFX/NodeObject.java:205: error: @param name not found
	 * @param the nodeClass.
	          ^
/Volumes/MAC/NextFractal/sources/com.nextbreakpoint.nextfractal.core/src/main/java/com/nextbreakpoint/nextfractal/core/javaFX/NodeObject.java:291: error: @param name not found
	 * @param index the child to remove.
	          ^
/Volumes/MAC/NextFractal/sources/com.nextbreakpoint.nextfractal.core/src/main/java/com/nextbreakpoint/nextfractal/core/network/ServiceMessage.java:66: error: @param name not found
	 * @param messageTpe
	          ^
/Volumes/MAC/NextFractal/sources/com.nextbreakpoint.nextfractal.core/src/main/java/com/nextbreakpoint/nextfractal/core/network/ServiceConsumer.java:32: error: exception not thrown: java.lang.Exception
	 * @throws Exception
	           ^
/Volumes/MAC/NextFractal/sources/com.nextbreakpoint.nextfractal.core/src/main/java/com/nextbreakpoint/nextfractal/core/network/ServiceSession.java:91: error: exception not thrown: java.lang.Exception
	 * @throws Exception
	           ^
/Volumes/MAC/NextFractal/sources/com.nextbreakpoint.nextfractal.core/src/main/java/com/nextbreakpoint/nextfractal/core/network/ServiceSession.java:41: error: @param name not found
	 * @param sessionId
	          ^
/Volumes/MAC/NextFractal/sources/com.nextbreakpoint.nextfractal.core/src/main/java/com/nextbreakpoint/nextfractal/core/renderer/java2D/Java2DRendererBuffer.java:52: error: reference not found
	 * @see com.nextbreakpoint.nextfractal.RendererBuffer.renderer.RenderBuffer#dispose()
	        ^
/Volumes/MAC/NextFractal/sources/com.nextbreakpoint.nextfractal.core/src/main/java/com/nextbreakpoint/nextfractal/core/renderer/java2D/Java2DRendererBuffer.java:62: error: reference not found
	 * @see com.nextbreakpoint.nextfractal.RendererBuffer.renderer.RenderBuffer#clear()
	        ^
/Volumes/MAC/NextFractal/sources/com.nextbreakpoint.nextfractal.core/src/main/java/com/nextbreakpoint/nextfractal/core/renderer/java2D/Java2DRendererBuffer.java:70: error: reference not found
	 * @see com.nextbreakpoint.nextfractal.RendererBuffer.renderer.RenderBuffer#update(int[])
	        ^
/Volumes/MAC/NextFractal/sources/com.nextbreakpoint.nextfractal.core/src/main/java/com/nextbreakpoint/nextfractal/core/renderer/java2D/Java2DRendererBuffer.java:80: error: reference not found
	 * @see com.nextbreakpoint.nextfractal.RendererBuffer.renderer.RenderBuffer#getWidth()
	        ^
/Volumes/MAC/NextFractal/sources/com.nextbreakpoint.nextfractal.core/src/main/java/com/nextbreakpoint/nextfractal/core/renderer/java2D/Java2DRendererBuffer.java:88: error: reference not found
	 * @see com.nextbreakpoint.nextfractal.RendererBuffer.renderer.RenderBuffer#getHeight()
	        ^
/Volumes/MAC/NextFractal/sources/com.nextbreakpoint.nextfractal.core/src/main/java/com/nextbreakpoint/nextfractal/core/renderer/java2D/Java2DRendererBuffer.java:96: error: reference not found
	 * @see com.nextbreakpoint.nextfractal.RendererBuffer.renderer.RenderBuffer#getImage()
	        ^
/Volumes/MAC/NextFractal/sources/com.nextbreakpoint.nextfractal.core/src/main/java/com/nextbreakpoint/nextfractal/core/renderer/java2D/Java2DRendererFactory.java:38: error: reference not found
	 * @see com.nextbreakpoint.nextfractal.RendererFactory.twister.renderer.RenderFactory#createBuffer(int, int)
	        ^
/Volumes/MAC/NextFractal/sources/com.nextbreakpoint.nextfractal.core/src/main/java/com/nextbreakpoint/nextfractal/core/renderer/java2D/Java2DRendererFactory.java:46: error: reference not found
	 * @see com.nextbreakpoint.nextfractal.RendererFactory.twister.renderer.RenderFactory#createGraphicsContext(java.lang.Object)
	        ^
/Volumes/MAC/NextFractal/sources/com.nextbreakpoint.nextfractal.core/src/main/java/com/nextbreakpoint/nextfractal/core/renderer/java2D/Java2DRendererFactory.java:54: error: reference not found
	 * @see com.nextbreakpoint.nextfractal.RendererFactory.twister.renderer.RenderFactory#createTranslateAffine(double, double)
	        ^
/Volumes/MAC/NextFractal/sources/com.nextbreakpoint.nextfractal.core/src/main/java/com/nextbreakpoint/nextfractal/core/renderer/java2D/Java2DRendererFactory.java:62: error: reference not found
	 * @see com.nextbreakpoint.nextfractal.RendererFactory.twister.renderer.RenderFactory#createRotateAffine(double, double, double)
	        ^
/Volumes/MAC/NextFractal/sources/com.nextbreakpoint.nextfractal.core/src/main/java/com/nextbreakpoint/nextfractal/core/renderer/java2D/Java2DRendererFactory.java:70: error: reference not found
	 * @see com.nextbreakpoint.nextfractal.RendererFactory.twister.renderer.RenderFactory#createAffine()
	        ^
/Volumes/MAC/NextFractal/sources/com.nextbreakpoint.nextfractal.core/src/main/java/com/nextbreakpoint/nextfractal/core/renderer/java2D/Java2DRendererFactory.java:78: error: reference not found
	 * @see com.nextbreakpoint.nextfractal.RendererFactory.twister.renderer.RenderFactory#createColor(int, int, int, int)
	        ^
/Volumes/MAC/NextFractal/sources/com.nextbreakpoint.nextfractal.core/src/main/java/com/nextbreakpoint/nextfractal/core/renderer/javaFX/JavaFXRendererBuffer.java:44: error: reference not found
	 * @see com.nextbreakpoint.nextfractal.RendererBuffer.renderer.RenderBuffer#dispose()
	        ^
/Volumes/MAC/NextFractal/sources/com.nextbreakpoint.nextfractal.core/src/main/java/com/nextbreakpoint/nextfractal/core/renderer/javaFX/JavaFXRendererBuffer.java:51: error: reference not found
	 * @see com.nextbreakpoint.nextfractal.RendererBuffer.renderer.RenderBuffer#clear()
	        ^
/Volumes/MAC/NextFractal/sources/com.nextbreakpoint.nextfractal.core/src/main/java/com/nextbreakpoint/nextfractal/core/renderer/javaFX/JavaFXRendererBuffer.java:68: error: reference not found
	 * @see com.nextbreakpoint.nextfractal.RendererBuffer.renderer.RenderBuffer#update(int[])
	        ^
/Volumes/MAC/NextFractal/sources/com.nextbreakpoint.nextfractal.core/src/main/java/com/nextbreakpoint/nextfractal/core/renderer/javaFX/JavaFXRendererBuffer.java:78: error: reference not found
	 * @see com.nextbreakpoint.nextfractal.RendererBuffer.renderer.RenderBuffer#getWidth()
	        ^
/Volumes/MAC/NextFractal/sources/com.nextbreakpoint.nextfractal.core/src/main/java/com/nextbreakpoint/nextfractal/core/renderer/javaFX/JavaFXRendererBuffer.java:86: error: reference not found
	 * @see com.nextbreakpoint.nextfractal.RendererBuffer.renderer.RenderBuffer#getHeight()
	        ^
/Volumes/MAC/NextFractal/sources/com.nextbreakpoint.nextfractal.core/src/main/java/com/nextbreakpoint/nextfractal/core/renderer/javaFX/JavaFXRendererBuffer.java:94: error: reference not found
	 * @see com.nextbreakpoint.nextfractal.RendererBuffer.renderer.RenderBuffer#getImage()
	        ^
/Volumes/MAC/NextFractal/sources/com.nextbreakpoint.nextfractal.core/src/main/java/com/nextbreakpoint/nextfractal/core/renderer/javaFX/JavaFXRendererFactory.java:38: error: reference not found
	 * @see com.nextbreakpoint.nextfractal.RendererFactory.twister.renderer.RenderFactory#createBuffer(int, int)
	        ^
/Volumes/MAC/NextFractal/sources/com.nextbreakpoint.nextfractal.core/src/main/java/com/nextbreakpoint/nextfractal/core/renderer/javaFX/JavaFXRendererFactory.java:46: error: reference not found
	 * @see com.nextbreakpoint.nextfractal.RendererFactory.twister.renderer.RenderFactory#createGraphicsContext(java.lang.Object)
	        ^
/Volumes/MAC/NextFractal/sources/com.nextbreakpoint.nextfractal.core/src/main/java/com/nextbreakpoint/nextfractal/core/renderer/javaFX/JavaFXRendererFactory.java:54: error: reference not found
	 * @see com.nextbreakpoint.nextfractal.RendererFactory.twister.renderer.RenderFactory#createTranslateAffine(double, double)
	        ^
/Volumes/MAC/NextFractal/sources/com.nextbreakpoint.nextfractal.core/src/main/java/com/nextbreakpoint/nextfractal/core/renderer/javaFX/JavaFXRendererFactory.java:62: error: reference not found
	 * @see com.nextbreakpoint.nextfractal.RendererFactory.twister.renderer.RenderFactory#createRotateAffine(double, double, double)
	        ^
/Volumes/MAC/NextFractal/sources/com.nextbreakpoint.nextfractal.core/src/main/java/com/nextbreakpoint/nextfractal/core/renderer/javaFX/JavaFXRendererFactory.java:70: error: reference not found
	 * @see com.nextbreakpoint.nextfractal.RendererFactory.twister.renderer.RenderFactory#createAffine()
	        ^
/Volumes/MAC/NextFractal/sources/com.nextbreakpoint.nextfractal.core/src/main/java/com/nextbreakpoint/nextfractal/core/renderer/javaFX/JavaFXRendererFactory.java:78: error: reference not found
	 * @see com.nextbreakpoint.nextfractal.RendererFactory.twister.renderer.RenderFactory#createColor(int, int, int, int)
	        ^
/Volumes/MAC/NextFractal/sources/com.nextbreakpoint.nextfractal.core/src/main/java/com/nextbreakpoint/nextfractal/core/utils/Colors.java:38: error: @param name not found
	 * @param rgb the color in rgb format.
	          ^
/Volumes/MAC/NextFractal/sources/com.nextbreakpoint.nextfractal.contextfree/src/main/java/com/nextbreakpoint/nextfractal/contextfree/ContextFreeFactory.java:46: error: reference not found
	 * @see com.nextbreakpoint.nextfractal.core.FractalFactory#createSession(com.nextbreakpoint.nextfractal.ExportService)
	        ^
/Volumes/MAC/NextFractal/sources/com.nextbreakpoint.nextfractal.mandelbrot/src/main/java/com/nextbreakpoint/nextfractal/mandelbrot/MandelbrotFactory.java:51: error: reference not found
	 * @see com.nextbreakpoint.nextfractal.core.FractalFactory#createSession(com.nextbreakpoint.nextfractal.ExportService)
	        ^
/Volumes/MAC/NextFractal/sources/com.nextbreakpoint.nextfractal.mandelbrot/src/main/java/com/nextbreakpoint/nextfractal/mandelbrot/renderer/Renderer.java:86: error: @param name not found
	 * @param rendererDelegate
	          ^
/Volumes/MAC/NextFractal/sources/com.nextbreakpoint.nextfractal.mandelbrot/src/main/java/com/nextbreakpoint/nextfractal/mandelbrot/renderer/Renderer.java:87: error: @param name not found
	 * @param rendererFractal
	          ^
/Volumes/MAC/NextFractal/sources/com.nextbreakpoint.nextfractal.mandelbrot/src/main/java/com/nextbreakpoint/nextfractal/mandelbrot/renderer/Renderer.java:88: error: @param name not found
	 * @param width
	          ^
/Volumes/MAC/NextFractal/sources/com.nextbreakpoint.nextfractal.mandelbrot/src/main/java/com/nextbreakpoint/nextfractal/mandelbrot/renderer/Renderer.java:89: error: @param name not found
	 * @param height
	          ^
/Volumes/MAC/NextFractal/sources/com.nextbreakpoint.nextfractal.mandelbrot/src/main/java/com/nextbreakpoint/nextfractal/mandelbrot/renderer/RendererCoordinator.java:142: error: @param name not found
	 * @param point
	          ^
/Volumes/MAC/NextFractal/sources/com.nextbreakpoint.nextfractal.mandelbrot/src/main/java/com/nextbreakpoint/nextfractal/mandelbrot/renderer/RendererData.java:101: error: @param name not found
	 * @param size
	          ^
/Volumes/MAC/NextFractal/sources/com.nextbreakpoint.nextfractal.mandelbrot/src/main/java/com/nextbreakpoint/nextfractal/mandelbrot/renderer/RendererData.java:186: error: invalid use of @return
	 * @return
	   ^
/Volumes/MAC/NextFractal/sources/com.nextbreakpoint.nextfractal.mandelbrot/src/main/java/com/nextbreakpoint/nextfractal/mandelbrot/renderer/strategy/JuliaRendererStrategy.java:41: error: reference not found
	 * @see com.nextbreakpoint.nextfractal.core.mandelbrot.renderer.RendererStrategy.renderer.AbstractMandelbrotRenderer.RenderingStrategy#prepare()
	        ^
/Volumes/MAC/NextFractal/sources/com.nextbreakpoint.nextfractal.mandelbrot/src/main/java/com/nextbreakpoint/nextfractal/mandelbrot/renderer/strategy/JuliaRendererStrategy.java:48: error: reference not found
	 * @see com.nextbreakpoint.nextfractal.core.mandelbrot.renderer.RendererStrategy.renderer.AbstractMandelbrotRenderer.RenderingStrategy#renderPoint(com.nextbreakpoint.nextfractal.core.mandelbrot.renderer.RendererState.renderer.RenderedPoint)
	        ^
/Volumes/MAC/NextFractal/sources/com.nextbreakpoint.nextfractal.mandelbrot/src/main/java/com/nextbreakpoint/nextfractal/mandelbrot/renderer/strategy/MandelbrotRendererStrategy.java:41: error: reference not found
		 * @see com.nextbreakpoint.nextfractal.core.mandelbrot.renderer.RendererStrategy.renderer.AbstractMandelbrotRenderer.RenderingStrategy#prepare()
		        ^
/Volumes/MAC/NextFractal/sources/com.nextbreakpoint.nextfractal.mandelbrot/src/main/java/com/nextbreakpoint/nextfractal/mandelbrot/renderer/strategy/MandelbrotRendererStrategy.java:49: error: reference not found
		 * @see com.nextbreakpoint.nextfractal.core.mandelbrot.renderer.RendererStrategy.renderer.AbstractMandelbrotRenderer.RenderingStrategy#renderPoint(com.nextbreakpoint.nextfractal.core.mandelbrot.renderer.RendererState.renderer.RenderedPoint)
		        ^
/Volumes/MAC/NextFractal/sources/com.nextbreakpoint.nextfractal.mandelbrot/src/main/java/com/nextbreakpoint/nextfractal/mandelbrot/renderer/xaos/XaosRenderer.java:104: error: reference not found
	 * @see com.nextbreakpoint.nextfractal.mandelbrot.renderer.Renderer#doRender(boolean, int)
	        ^
